#
# There is insufficient memory for the Java Runtime Environment to continue.
# Native memory allocation (mmap) failed to map 357564416 bytes for committing reserved memory.
# Possible reasons:
#   The system is out of physical RAM or swap space
#   The process is running with CompressedOops enabled, and the Java Heap may be blocking the growth of the native heap
# Possible solutions:
#   Reduce memory load on the system
#   Increase physical memory or swap space
#   Check if swap backing store is full
#   Decrease Java heap size (-Xmx/-Xms)
#   Decrease number of Java threads
#   Decrease Java thread stack sizes (-Xss)
#   Set larger code cache with -XX:ReservedCodeCacheSize=
# This output file may be truncated or incomplete.
#
#  Out of Memory Error (os_linux.cpp:2756), pid=27770, tid=0x00007f28808de700
#
# JRE version:  (8.0_212-b03) (build )
# Java VM: OpenJDK 64-Bit Server VM (25.212-b03 mixed mode linux-amd64 compressed oops)
# Failed to write core dump. Core dumps have been disabled. To enable core dumping, try "ulimit -c unlimited" before starting Java again
#

---------------  T H R E A D  ---------------

Current thread (0x00007f287c00b800):  JavaThread "Unknown thread" [_thread_in_vm, id=27771, stack(0x00007f28806df000,0x00007f28808df000)]

Stack: [0x00007f28806df000,0x00007f28808df000],  sp=0x00007f28808dd5e0,  free space=2041k
Native frames: (J=compiled Java code, j=interpreted, Vv=VM code, C=native code)
V  [libjvm.so+0xab46a2]
V  [libjvm.so+0x4db6b7]
V  [libjvm.so+0x8ef7b0]
V  [libjvm.so+0x8e68ce]
V  [libjvm.so+0x96a406]
V  [libjvm.so+0x96c456]
V  [libjvm.so+0x2b4154]
V  [libjvm.so+0x917371]
V  [libjvm.so+0xa76baa]
V  [libjvm.so+0xa76ea5]
V  [libjvm.so+0x6283df]
V  [libjvm.so+0xa5a8e3]
V  [libjvm.so+0x6aa8c1]  JNI_CreateJavaVM+0x61
C  [libjli.so+0x2c64]
C  [libjli.so+0x761d]
C  [libpthread.so.0+0x76db]  start_thread+0xdb


---------------  P R O C E S S  ---------------

Java Threads: ( => current thread )

Other Threads:

=>0x00007f287c00b800 (exited) JavaThread "Unknown thread" [_thread_in_vm, id=27771, stack(0x00007f28806df000,0x00007f28808df000)]

VM state:not at safepoint (not fully initialized)

VM Mutex/Monitor currently owned by a thread: None

heap address: 0x00000000c0000000, size: 1024 MB, Compressed Oops mode: Non-zero based:0x00000000bffff000
Narrow klass base: 0x0000000000000000, Narrow klass shift: 0

GC Heap History (0 events):
No events

Deoptimization events (0 events):
No events

Classes redefined (0 events):
No events

Internal exceptions (0 events):
No events

Events (0 events):
No events


Dynamic libraries:
c0000000-eab00000 ---p 00000000 00:00 0 
5653b6879000-5653b687a000 r-xp 00000000 08:05 920714                     /usr/lib/jvm/java-8-openjdk-amd64/jre/bin/java
5653b6a79000-5653b6a7a000 r--p 00000000 08:05 920714                     /usr/lib/jvm/java-8-openjdk-amd64/jre/bin/java
5653b6a7a000-5653b6a7b000 rw-p 00001000 08:05 920714                     /usr/lib/jvm/java-8-openjdk-amd64/jre/bin/java
5653b6e97000-5653b6eb8000 rw-p 00000000 00:00 0                          [heap]
7f28731b4000-7f28733b4000 ---p 00000000 00:00 0 
7f28733b4000-7f28733bf000 rw-p 00000000 00:00 0 
7f28733bf000-7f28735b5000 ---p 00000000 00:00 0 
7f28735b5000-7f2873825000 rwxp 00000000 00:00 0 
7f2873825000-7f287b5b5000 ---p 00000000 00:00 0 
7f287b5b5000-7f287b5bd000 r-xp 00000000 08:05 920794                     /usr/lib/jvm/java-8-openjdk-amd64/jre/lib/amd64/libzip.so
7f287b5bd000-7f287b7bc000 ---p 00008000 08:05 920794                     /usr/lib/jvm/java-8-openjdk-amd64/jre/lib/amd64/libzip.so
7f287b7bc000-7f287b7bd000 r--p 00007000 08:05 920794                     /usr/lib/jvm/java-8-openjdk-amd64/jre/lib/amd64/libzip.so
7f287b7bd000-7f287b7be000 rw-p 00008000 08:05 920794                     /usr/lib/jvm/java-8-openjdk-amd64/jre/lib/amd64/libzip.so
7f287b7be000-7f287b7c9000 r-xp 00000000 08:05 529238                     /lib/x86_64-linux-gnu/libnss_files-2.27.so
7f287b7c9000-7f287b9c8000 ---p 0000b000 08:05 529238                     /lib/x86_64-linux-gnu/libnss_files-2.27.so
7f287b9c8000-7f287b9c9000 r--p 0000a000 08:05 529238                     /lib/x86_64-linux-gnu/libnss_files-2.27.so
7f287b9c9000-7f287b9ca000 rw-p 0000b000 08:05 529238                     /lib/x86_64-linux-gnu/libnss_files-2.27.so
7f287b9ca000-7f287b9d0000 rw-p 00000000 00:00 0 
7f287b9d0000-7f287b9e7000 r-xp 00000000 08:05 529232                     /lib/x86_64-linux-gnu/libnsl-2.27.so
7f287b9e7000-7f287bbe6000 ---p 00017000 08:05 529232                     /lib/x86_64-linux-gnu/libnsl-2.27.so
7f287bbe6000-7f287bbe7000 r--p 00016000 08:05 529232                     /lib/x86_64-linux-gnu/libnsl-2.27.so
7f287bbe7000-7f287bbe8000 rw-p 00017000 08:05 529232                     /lib/x86_64-linux-gnu/libnsl-2.27.so
7f287bbe8000-7f287bbea000 rw-p 00000000 00:00 0 
7f287bbea000-7f287bbf5000 r-xp 00000000 08:05 529249                     /lib/x86_64-linux-gnu/libnss_nis-2.27.so
7f287bbf5000-7f287bdf4000 ---p 0000b000 08:05 529249                     /lib/x86_64-linux-gnu/libnss_nis-2.27.so
7f287bdf4000-7f287bdf5000 r--p 0000a000 08:05 529249                     /lib/x86_64-linux-gnu/libnss_nis-2.27.so
7f287bdf5000-7f287bdf6000 rw-p 0000b000 08:05 529249                     /lib/x86_64-linux-gnu/libnss_nis-2.27.so
7f287bdf6000-7f287bdfe000 r-xp 00000000 08:05 529234                     /lib/x86_64-linux-gnu/libnss_compat-2.27.so
7f287bdfe000-7f287bffe000 ---p 00008000 08:05 529234                     /lib/x86_64-linux-gnu/libnss_compat-2.27.so
7f287bffe000-7f287bfff000 r--p 00008000 08:05 529234                     /lib/x86_64-linux-gnu/libnss_compat-2.27.so
7f287bfff000-7f287c000000 rw-p 00009000 08:05 529234                     /lib/x86_64-linux-gnu/libnss_compat-2.27.so
7f287c000000-7f287c032000 rw-p 00000000 00:00 0 
7f287c032000-7f2880000000 ---p 00000000 00:00 0 
7f2880096000-7f28800c2000 r-xp 00000000 08:05 920756                     /usr/lib/jvm/java-8-openjdk-amd64/jre/lib/amd64/libjava.so
7f28800c2000-7f28802c1000 ---p 0002c000 08:05 920756                     /usr/lib/jvm/java-8-openjdk-amd64/jre/lib/amd64/libjava.so
7f28802c1000-7f28802c2000 r--p 0002b000 08:05 920756                     /usr/lib/jvm/java-8-openjdk-amd64/jre/lib/amd64/libjava.so
7f28802c2000-7f28802c4000 rw-p 0002c000 08:05 920756                     /usr/lib/jvm/java-8-openjdk-amd64/jre/lib/amd64/libjava.so
7f28802c4000-7f28802d4000 r-xp 00000000 08:05 920792                     /usr/lib/jvm/java-8-openjdk-amd64/jre/lib/amd64/libverify.so
7f28802d4000-7f28804d3000 ---p 00010000 08:05 920792                     /usr/lib/jvm/java-8-openjdk-amd64/jre/lib/amd64/libverify.so
7f28804d3000-7f28804d5000 r--p 0000f000 08:05 920792                     /usr/lib/jvm/java-8-openjdk-amd64/jre/lib/amd64/libverify.so
7f28804d5000-7f28804d6000 rw-p 00011000 08:05 920792                     /usr/lib/jvm/java-8-openjdk-amd64/jre/lib/amd64/libverify.so
7f28804d6000-7f28804dd000 r-xp 00000000 08:05 529289                     /lib/x86_64-linux-gnu/librt-2.27.so
7f28804dd000-7f28806dc000 ---p 00007000 08:05 529289                     /lib/x86_64-linux-gnu/librt-2.27.so
7f28806dc000-7f28806dd000 r--p 00006000 08:05 529289                     /lib/x86_64-linux-gnu/librt-2.27.so
7f28806dd000-7f28806de000 rw-p 00007000 08:05 529289                     /lib/x86_64-linux-gnu/librt-2.27.so
7f28806de000-7f28806df000 ---p 00000000 00:00 0 
7f28806df000-7f28806e2000 ---p 00000000 00:00 0 
7f28806e2000-7f28808df000 rw-p 00000000 00:00 0 
7f28808df000-7f28808f6000 r-xp 00000000 08:05 523271                     /lib/x86_64-linux-gnu/libgcc_s.so.1
7f28808f6000-7f2880af5000 ---p 00017000 08:05 523271                     /lib/x86_64-linux-gnu/libgcc_s.so.1
7f2880af5000-7f2880af6000 r--p 00016000 08:05 523271                     /lib/x86_64-linux-gnu/libgcc_s.so.1
7f2880af6000-7f2880af7000 rw-p 00017000 08:05 523271                     /lib/x86_64-linux-gnu/libgcc_s.so.1
7f2880af7000-7f2880c94000 r-xp 00000000 08:05 529211                     /lib/x86_64-linux-gnu/libm-2.27.so
7f2880c94000-7f2880e93000 ---p 0019d000 08:05 529211                     /lib/x86_64-linux-gnu/libm-2.27.so
7f2880e93000-7f2880e94000 r--p 0019c000 08:05 529211                     /lib/x86_64-linux-gnu/libm-2.27.so
7f2880e94000-7f2880e95000 rw-p 0019d000 08:05 529211                     /lib/x86_64-linux-gnu/libm-2.27.so
7f2880e95000-7f288100e000 r-xp 00000000 08:05 786909                     /usr/lib/x86_64-linux-gnu/libstdc++.so.6.0.25
7f288100e000-7f288120e000 ---p 00179000 08:05 786909                     /usr/lib/x86_64-linux-gnu/libstdc++.so.6.0.25
7f288120e000-7f2881218000 r--p 00179000 08:05 786909                     /usr/lib/x86_64-linux-gnu/libstdc++.so.6.0.25
7f2881218000-7f288121a000 rw-p 00183000 08:05 786909                     /usr/lib/x86_64-linux-gnu/libstdc++.so.6.0.25
7f288121a000-7f288121e000 rw-p 00000000 00:00 0 
7f288121e000-7f2881ebb000 r-xp 00000000 08:05 920800                     /usr/lib/jvm/java-8-openjdk-amd64/jre/lib/amd64/server/libjvm.so
7f2881ebb000-7f28820ba000 ---p 00c9d000 08:05 920800                     /usr/lib/jvm/java-8-openjdk-amd64/jre/lib/amd64/server/libjvm.so
7f28820ba000-7f288214e000 r--p 00c9c000 08:05 920800                     /usr/lib/jvm/java-8-openjdk-amd64/jre/lib/amd64/server/libjvm.so
7f288214e000-7f2882177000 rw-p 00d30000 08:05 920800                     /usr/lib/jvm/java-8-openjdk-amd64/jre/lib/amd64/server/libjvm.so
7f2882177000-7f28821a7000 rw-p 00000000 00:00 0 
7f28821a7000-7f28821c1000 r-xp 00000000 08:05 529281                     /lib/x86_64-linux-gnu/libpthread-2.27.so
7f28821c1000-7f28823c0000 ---p 0001a000 08:05 529281                     /lib/x86_64-linux-gnu/libpthread-2.27.so
7f28823c0000-7f28823c1000 r--p 00019000 08:05 529281                     /lib/x86_64-linux-gnu/libpthread-2.27.so
7f28823c1000-7f28823c2000 rw-p 0001a000 08:05 529281                     /lib/x86_64-linux-gnu/libpthread-2.27.so
7f28823c2000-7f28823c6000 rw-p 00000000 00:00 0 
7f28823c6000-7f28823c9000 r-xp 00000000 08:05 529171                     /lib/x86_64-linux-gnu/libdl-2.27.so
7f28823c9000-7f28825c8000 ---p 00003000 08:05 529171                     /lib/x86_64-linux-gnu/libdl-2.27.so
7f28825c8000-7f28825c9000 r--p 00002000 08:05 529171                     /lib/x86_64-linux-gnu/libdl-2.27.so
7f28825c9000-7f28825ca000 rw-p 00003000 08:05 529171                     /lib/x86_64-linux-gnu/libdl-2.27.so
7f28825ca000-7f28825e6000 r-xp 00000000 08:05 529320                     /lib/x86_64-linux-gnu/libz.so.1.2.11
7f28825e6000-7f28827e5000 ---p 0001c000 08:05 529320                     /lib/x86_64-linux-gnu/libz.so.1.2.11
7f28827e5000-7f28827e6000 r--p 0001b000 08:05 529320                     /lib/x86_64-linux-gnu/libz.so.1.2.11
7f28827e6000-7f28827e7000 rw-p 0001c000 08:05 529320                     /lib/x86_64-linux-gnu/libz.so.1.2.11
7f28827e7000-7f28829ce000 r-xp 00000000 08:05 529148                     /lib/x86_64-linux-gnu/libc-2.27.so
7f28829ce000-7f2882bce000 ---p 001e7000 08:05 529148                     /lib/x86_64-linux-gnu/libc-2.27.so
7f2882bce000-7f2882bd2000 r--p 001e7000 08:05 529148                     /lib/x86_64-linux-gnu/libc-2.27.so
7f2882bd2000-7f2882bd4000 rw-p 001eb000 08:05 529148                     /lib/x86_64-linux-gnu/libc-2.27.so
7f2882bd4000-7f2882bd8000 rw-p 00000000 00:00 0 
7f2882bd8000-7f2882be6000 r-xp 00000000 08:05 920727                     /usr/lib/jvm/java-8-openjdk-amd64/jre/lib/amd64/jli/libjli.so
7f2882be6000-7f2882de5000 ---p 0000e000 08:05 920727                     /usr/lib/jvm/java-8-openjdk-amd64/jre/lib/amd64/jli/libjli.so
7f2882de5000-7f2882de6000 r--p 0000d000 08:05 920727                     /usr/lib/jvm/java-8-openjdk-amd64/jre/lib/amd64/jli/libjli.so
7f2882de6000-7f2882de7000 rw-p 0000e000 08:05 920727                     /usr/lib/jvm/java-8-openjdk-amd64/jre/lib/amd64/jli/libjli.so
7f2882de7000-7f2882e0e000 r-xp 00000000 08:05 529120                     /lib/x86_64-linux-gnu/ld-2.27.so
7f2882ff8000-7f2882ffa000 rw-p 00000000 00:00 0 
7f2883002000-7f288300a000 rw-s 00000000 08:05 664868                     /tmp/hsperfdata_landon/27770
7f288300a000-7f288300b000 rw-p 00000000 00:00 0 
7f288300b000-7f288300c000 r--p 00000000 00:00 0 
7f288300c000-7f288300e000 rw-p 00000000 00:00 0 
7f288300e000-7f288300f000 r--p 00027000 08:05 529120                     /lib/x86_64-linux-gnu/ld-2.27.so
7f288300f000-7f2883010000 rw-p 00028000 08:05 529120                     /lib/x86_64-linux-gnu/ld-2.27.so
7f2883010000-7f2883011000 rw-p 00000000 00:00 0 
7ffc6b219000-7ffc6b23a000 rw-p 00000000 00:00 0                          [stack]
7ffc6b2cd000-7ffc6b2d0000 r--p 00000000 00:00 0                          [vvar]
7ffc6b2d0000-7ffc6b2d2000 r-xp 00000000 00:00 0                          [vdso]
ffffffffff600000-ffffffffff601000 r-xp 00000000 00:00 0                  [vsyscall]

VM Arguments:
jvm_args: -Dfile.encoding=UTF-8 -Xms1024m -Xmx1024m -Xss2M -XX:ReservedCodeCacheSize=128m -XX:MaxMetaspaceSize=256m 
java_command: /home/landon/sbt/sbt/bin/sbt-launch.jar package
java_class_path (initial): /home/landon/sbt/sbt/bin/sbt-launch.jar
Launcher Type: SUN_STANDARD

Environment Variables:
PATH=/home/landon/spark/spark-2.4.3-bin-hadoop2.7/bin:/home/landon/sbt/sbt/bin:/usr/local/sbin:/usr/local/bin:/usr/sbin:/usr/bin:/sbin:/bin:/usr/games:/usr/local/games:/snap/bin
USERNAME=landon
SHELL=/bin/bash
DISPLAY=:0

Signal Handlers:
SIGSEGV: [libjvm.so+0xab5000], sa_mask[0]=11111111011111111101111111111110, sa_flags=SA_RESTART|SA_SIGINFO
SIGBUS: [libjvm.so+0xab5000], sa_mask[0]=11111111011111111101111111111110, sa_flags=SA_RESTART|SA_SIGINFO
SIGFPE: [libjvm.so+0x8ea970], sa_mask[0]=11111111011111111101111111111110, sa_flags=SA_RESTART|SA_SIGINFO
SIGPIPE: [libjvm.so+0x8ea970], sa_mask[0]=11111111011111111101111111111110, sa_flags=SA_RESTART|SA_SIGINFO
SIGXFSZ: [libjvm.so+0x8ea970], sa_mask[0]=11111111011111111101111111111110, sa_flags=SA_RESTART|SA_SIGINFO
SIGILL: [libjvm.so+0x8ea970], sa_mask[0]=11111111011111111101111111111110, sa_flags=SA_RESTART|SA_SIGINFO
SIGUSR1: SIG_DFL, sa_mask[0]=00000000000000000000000000000000, sa_flags=none
SIGUSR2: [libjvm.so+0x8ea820], sa_mask[0]=00000000000000000000000000000000, sa_flags=SA_RESTART|SA_SIGINFO
SIGHUP: SIG_DFL, sa_mask[0]=00000000000000000000000000000000, sa_flags=none
SIGINT: SIG_DFL, sa_mask[0]=00000000000000000000000000000000, sa_flags=none
SIGTERM: SIG_DFL, sa_mask[0]=00000000000000000000000000000000, sa_flags=none
SIGQUIT: SIG_DFL, sa_mask[0]=00000000000000000000000000000000, sa_flags=none


---------------  S Y S T E M  ---------------

OS:DISTRIB_ID=Ubuntu
DISTRIB_RELEASE=18.04
DISTRIB_CODENAME=bionic
DISTRIB_DESCRIPTION="Ubuntu 18.04.2 LTS"

uname:Linux 4.18.0-20-generic #21~18.04.1-Ubuntu SMP Wed May 8 08:43:37 UTC 2019 x86_64
libc:glibc 2.27 NPTL 2.27 
rlimit: STACK 8192k, CORE 0k, NPROC 30847, NOFILE 4096, AS infinity
load average:0.75 1.07 1.31

/proc/meminfo:
MemTotal:        8047480 kB
MemFree:          143812 kB
MemAvailable:     137928 kB
Buffers:            8464 kB
Cached:           512216 kB
SwapCached:        13256 kB
Active:          6553016 kB
Inactive:        1014928 kB
Active(anon):    6462196 kB
Inactive(anon):   908240 kB
Active(file):      90820 kB
Inactive(file):   106688 kB
Unevictable:         396 kB
Mlocked:             396 kB
SwapTotal:       1431224 kB
SwapFree:           7244 kB
Dirty:               496 kB
Writeback:             0 kB
AnonPages:       7035108 kB
Mapped:           228784 kB
Shmem:            323172 kB
Slab:             122040 kB
SReclaimable:      41792 kB
SUnreclaim:        80248 kB
KernelStack:       31980 kB
PageTables:        89228 kB
NFS_Unstable:          0 kB
Bounce:                0 kB
WritebackTmp:          0 kB
CommitLimit:     5454964 kB
Committed_AS:   25174172 kB
VmallocTotal:   34359738367 kB
VmallocUsed:           0 kB
VmallocChunk:          0 kB
HardwareCorrupted:     0 kB
AnonHugePages:         0 kB
ShmemHugePages:        0 kB
ShmemPmdMapped:        0 kB
CmaTotal:              0 kB
CmaFree:               0 kB
HugePages_Total:       0
HugePages_Free:        0
HugePages_Rsvd:        0
HugePages_Surp:        0
Hugepagesize:       2048 kB
Hugetlb:               0 kB
DirectMap4k:      294080 kB
DirectMap2M:     7974912 kB
DirectMap1G:           0 kB

container (cgroup) information:
container_type: cgroupv1
cpu_cpuset_cpus: 0-7
cpu_memory_nodes: 0
active_processor_count: 8
cpu_quota: -1
cpu_period: 100000
cpu_shares: -1
memory_limit_in_bytes: -1
memory_and_swap_limit_in_bytes: -2
memory_soft_limit_in_bytes: -1
memory_usage_in_bytes: 7741218816
memory_max_usage_in_bytes: 0


CPU:total 8 (initial active 8) (4 cores per cpu, 2 threads per core) family 6 model 142 stepping 10, cmov, cx8, fxsr, mmx, sse, sse2, sse3, ssse3, sse4.1, sse4.2, popcnt, avx, avx2, aes, clmul, erms, 3dnowpref, lzcnt, ht, tsc, tscinvbit, bmi1, bmi2, adx

/proc/cpuinfo:
processor	: 0
vendor_id	: GenuineIntel
cpu family	: 6
model		: 142
model name	: Intel(R) Core(TM) i5-8250U CPU @ 1.60GHz
stepping	: 10
microcode	: 0xb4
cpu MHz		: 3354.244
cache size	: 6144 KB
physical id	: 0
siblings	: 8
core id		: 0
cpu cores	: 4
apicid		: 0
initial apicid	: 0
fpu		: yes
fpu_exception	: yes
cpuid level	: 22
wp		: yes
flags		: fpu vme de pse tsc msr pae mce cx8 apic sep mtrr pge mca cmov pat pse36 clflush dts acpi mmx fxsr sse sse2 ss ht tm pbe syscall nx pdpe1gb rdtscp lm constant_tsc art arch_perfmon pebs bts rep_good nopl xtopology nonstop_tsc cpuid aperfmperf tsc_known_freq pni pclmulqdq dtes64 monitor ds_cpl vmx est tm2 ssse3 sdbg fma cx16 xtpr pdcm pcid sse4_1 sse4_2 x2apic movbe popcnt tsc_deadline_timer aes xsave avx f16c rdrand lahf_lm abm 3dnowprefetch cpuid_fault epb invpcid_single pti ssbd ibrs ibpb stibp tpr_shadow vnmi flexpriority ept vpid fsgsbase tsc_adjust bmi1 avx2 smep bmi2 erms invpcid mpx rdseed adx smap clflushopt intel_pt xsaveopt xsavec xgetbv1 xsaves dtherm ida arat pln pts hwp hwp_notify hwp_act_window hwp_epp md_clear flush_l1d
bugs		: cpu_meltdown spectre_v1 spectre_v2 spec_store_bypass l1tf mds
bogomips	: 3600.00
clflush size	: 64
cache_alignment	: 64
address sizes	: 39 bits physical, 48 bits virtual
power management:

processor	: 1
vendor_id	: GenuineIntel
cpu family	: 6
model		: 142
model name	: Intel(R) Core(TM) i5-8250U CPU @ 1.60GHz
stepping	: 10
microcode	: 0xb4
cpu MHz		: 3293.332
cache size	: 6144 KB
physical id	: 0
siblings	: 8
core id		: 1
cpu cores	: 4
apicid		: 2
initial apicid	: 2
fpu		: yes
fpu_exception	: yes
cpuid level	: 22
wp		: yes
flags		: fpu vme de pse tsc msr pae mce cx8 apic sep mtrr pge mca cmov pat pse36 clflush dts acpi mmx fxsr sse sse2 ss ht tm pbe syscall nx pdpe1gb rdtscp lm constant_tsc art arch_perfmon pebs bts rep_good nopl xtopology nonstop_tsc cpuid aperfmperf tsc_known_freq pni pclmulqdq dtes64 monitor ds_cpl vmx est tm2 ssse3 sdbg fma cx16 xtpr pdcm pcid sse4_1 sse4_2 x2apic movbe popcnt tsc_deadline_timer aes xsave avx f16c rdrand lahf_lm abm 3dnowprefetch cpuid_fault epb invpcid_single pti ssbd ibrs ibpb stibp tpr_shadow vnmi flexpriority ept vpid fsgsbase tsc_adjust bmi1 avx2 smep bmi2 erms invpcid mpx rdseed adx smap clflushopt intel_pt xsaveopt xsavec xgetbv1 xsaves dtherm ida arat pln pts hwp hwp_notify hwp_act_window hwp_epp md_clear flush_l1d
bugs		: cpu_meltdown spectre_v1 spectre_v2 spec_store_bypass l1tf mds
bogomips	: 3600.00
clflush size	: 64
cache_alignment	: 64
address sizes	: 39 bits physical, 48 bits virtual
power management:

processor	: 2
vendor_id	: GenuineIntel
cpu family	: 6
model		: 142
model name	: Intel(R) Core(TM) i5-8250U CPU @ 1.60GHz
stepping	: 10
microcode	: 0xb4
cpu MHz		: 3343.927
cache size	: 6144 KB
physical id	: 0
siblings	: 8
core id		: 2
cpu cores	: 4
apicid		: 4
initial apicid	: 4
fpu		: yes
fpu_exception	: yes
cpuid level	: 22
wp		: yes
flags		: fpu vme de pse tsc msr pae mce cx8 apic sep mtrr pge mca cmov pat pse36 clflush dts acpi mmx fxsr sse sse2 ss ht tm pbe syscall nx pdpe1gb rdtscp lm constant_tsc art arch_perfmon pebs bts rep_good nopl xtopology nonstop_tsc cpuid aperfmperf tsc_known_freq pni pclmulqdq dtes64 monitor ds_cpl vmx est tm2 ssse3 sdbg fma cx16 xtpr pdcm pcid sse4_1 sse4_2 x2apic movbe popcnt tsc_deadline_timer aes xsave avx f16c rdrand lahf_lm abm 3dnowprefetch cpuid_fault epb invpcid_single pti ssbd ibrs ibpb stibp tpr_shadow vnmi flexpriority ept vpid fsgsbase tsc_adjust bmi1 avx2 smep bmi2 erms invpcid mpx rdseed adx smap clflushopt intel_pt xsaveopt xsavec xgetbv1 xsaves dtherm ida arat pln pts hwp hwp_notify hwp_act_window hwp_epp md_clear flush_l1d
bugs		: cpu_meltdown spectre_v1 spectre_v2 spec_store_bypass l1tf mds
bogomips	: 3600.00
clflush size	: 64
cache_alignment	: 64
address sizes	: 39 bits physical, 48 bits virtual
power management:

processor	: 3
vendor_id	: GenuineIntel
cpu family	: 6
model		: 142
model name	: Intel(R) Core(TM) i5-8250U CPU @ 1.60GHz
stepping	: 10
microcode	: 0xb4
cpu MHz		: 3128.534
cache size	: 6144 KB
physical id	: 0
siblings	: 8
core id		: 3
cpu cores	: 4
apicid		: 6
initial apicid	: 6
fpu		: yes
fpu_exception	: yes
cpuid level	: 22
wp		: yes
flags		: fpu vme de pse tsc msr pae mce cx8 apic sep mtrr pge mca cmov pat pse36 clflush dts acpi mmx fxsr sse sse2 ss ht tm pbe syscall nx pdpe1gb rdtscp lm constant_tsc art arch_perfmon pebs bts rep_good nopl xtopology nonstop_tsc cpuid aperfmperf tsc_known_freq pni pclmulqdq dtes64 monitor ds_cpl vmx est tm2 ssse3 sdbg fma cx16 xtpr pdcm pcid sse4_1 sse4_2 x2apic movbe popcnt tsc_deadline_timer aes xsave avx f16c rdrand lahf_lm abm 3dnowprefetch cpuid_fault epb invpcid_single pti ssbd ibrs ibpb stibp tpr_shadow vnmi flexpriority ept vpid fsgsbase tsc_adjust bmi1 avx2 smep bmi2 erms invpcid mpx rdseed adx smap clflushopt intel_pt xsaveopt xsavec xgetbv1 xsaves dtherm ida arat pln pts hwp hwp_notify hwp_act_window hwp_epp md_clear flush_l1d
bugs		: cpu_meltdown spectre_v1 spectre_v2 spec_store_bypass l1tf mds
bogomips	: 3600.00
clflush size	: 64
cache_alignment	: 64
address sizes	: 39 bits physical, 48 bits virtual
power management:

processor	: 4
vendor_id	: GenuineIntel
cpu family	: 6
model		: 142
model name	: Intel(R) Core(TM) i5-8250U CPU @ 1.60GHz
stepping	: 10
microcode	: 0xb4
cpu MHz		: 3333.361
cache size	: 6144 KB
physical id	: 0
siblings	: 8
core id		: 0
cpu cores	: 4
apicid		: 1
initial apicid	: 1
fpu		: yes
fpu_exception	: yes
cpuid level	: 22
wp		: yes
flags		: fpu vme de pse tsc msr pae mce cx8 apic sep mtrr pge mca cmov pat pse36 clflush dts acpi mmx fxsr sse sse2 ss ht tm pbe syscall nx pdpe1gb rdtscp lm constant_tsc art arch_perfmon pebs bts rep_good nopl xtopology nonstop_tsc cpuid aperfmperf tsc_known_freq pni pclmulqdq dtes64 monitor ds_cpl vmx est tm2 ssse3 sdbg fma cx16 xtpr pdcm pcid sse4_1 sse4_2 x2apic movbe popcnt tsc_deadline_timer aes xsave avx f16c rdrand lahf_lm abm 3dnowprefetch cpuid_fault epb invpcid_single pti ssbd ibrs ibpb stibp tpr_shadow vnmi flexpriority ept vpid fsgsbase tsc_adjust bmi1 avx2 smep bmi2 erms invpcid mpx rdseed adx smap clflushopt intel_pt xsaveopt xsavec xgetbv1 xsaves dtherm ida arat pln pts hwp hwp_notify hwp_act_window hwp_epp md_clear flush_l1d
bugs		: cpu_meltdown spectre_v1 spectre_v2 spec_store_bypass l1tf mds
bogomips	: 3600.00
clflush size	: 64
cache_alignment	: 64
address sizes	: 39 bits physical, 48 bits virtual
power management:

processor	: 5
vendor_id	: GenuineIntel
cpu family	: 6
model		: 142
model name	: Intel(R) Core(TM) i5-8250U CPU @ 1.60GHz
stepping	: 10
microcode	: 0xb4
cpu MHz		: 3258.728
cache size	: 6144 KB
physical id	: 0
siblings	: 8
core id		: 1
cpu cores	: 4
apicid		: 3
initial apicid	: 3
fpu		: yes
fpu_exception	: yes
cpuid level	: 22
wp		: yes
flags		: fpu vme de pse tsc msr pae mce cx8 apic sep mtrr pge mca cmov pat pse36 clflush dts acpi mmx fxsr sse sse2 ss ht tm pbe syscall nx pdpe1gb rdtscp lm constant_tsc art arch_perfmon pebs bts rep_good nopl xtopology nonstop_tsc cpuid aperfmperf tsc_known_freq pni pclmulqdq dtes64 monitor ds_cpl vmx est tm2 ssse3 sdbg fma cx16 xtpr pdcm pcid sse4_1 sse4_2 x2apic movbe popcnt tsc_deadline_timer aes xsave avx f16c rdrand lahf_lm abm 3dnowprefetch cpuid_fault epb invpcid_single pti ssbd ibrs ibpb stibp tpr_shadow vnmi flexpriority ept vpid fsgsbase tsc_adjust bmi1 avx2 smep bmi2 erms invpcid mpx rdseed adx smap clflushopt intel_pt xsaveopt xsavec xgetbv1 xsaves dtherm ida arat pln pts hwp hwp_notify hwp_act_window hwp_epp md_clear flush_l1d
bugs		: cpu_meltdown spectre_v1 spectre_v2 spec_store_bypass l1tf mds
bogomips	: 3600.00
clflush size	: 64
cache_alignment	: 64
address sizes	: 39 bits physical, 48 bits virtual
power management:

processor	: 6
vendor_id	: GenuineIntel
cpu family	: 6
model		: 142
model name	: Intel(R) Core(TM) i5-8250U CPU @ 1.60GHz
stepping	: 10
microcode	: 0xb4
cpu MHz		: 3200.575
cache size	: 6144 KB
physical id	: 0
siblings	: 8
core id		: 2
cpu cores	: 4
apicid		: 5
initial apicid	: 5
fpu		: yes
fpu_exception	: yes
cpuid level	: 22
wp		: yes
flags		: fpu vme de pse tsc msr pae mce cx8 apic sep mtrr pge mca cmov pat pse36 clflush dts acpi mmx fxsr sse sse2 ss ht tm pbe syscall nx pdpe1gb rdtscp lm constant_tsc art arch_perfmon pebs bts rep_good nopl xtopology nonstop_tsc cpuid aperfmperf tsc_known_freq pni pclmulqdq dtes64 monitor ds_cpl vmx est tm2 ssse3 sdbg fma cx16 xtpr pdcm pcid sse4_1 sse4_2 x2apic movbe popcnt tsc_deadline_timer aes xsave avx f16c rdrand lahf_lm abm 3dnowprefetch cpuid_fault epb invpcid_single pti ssbd ibrs ibpb stibp tpr_shadow vnmi flexpriority ept vpid fsgsbase tsc_adjust bmi1 avx2 smep bmi2 erms invpcid mpx rdseed adx smap clflushopt intel_pt xsaveopt xsavec xgetbv1 xsaves dtherm ida arat pln pts hwp hwp_notify hwp_act_window hwp_epp md_clear flush_l1d
bugs		: cpu_meltdown spectre_v1 spectre_v2 spec_store_bypass l1tf mds
bogomips	: 3600.00
clflush size	: 64
cache_alignment	: 64
address sizes	: 39 bits physical, 48 bits virtual
power management:

processor	: 7
vendor_id	: GenuineIntel
cpu family	: 6
model		: 142
model name	: Intel(R) Core(TM) i5-8250U CPU @ 1.60GHz
stepping	: 10
microcode	: 0xb4
cpu MHz		: 3278.208
cache size	: 6144 KB
physical id	: 0
siblings	: 8
core id		: 3
cpu cores	: 4
apicid		: 7
initial apicid	: 7
fpu		: yes
fpu_exception	: yes
cpuid level	: 22
wp		: yes
flags		: fpu vme de pse tsc msr pae mce cx8 apic sep mtrr pge mca cmov pat pse36 clflush dts acpi mmx fxsr sse sse2 ss ht tm pbe syscall nx pdpe1gb rdtscp lm constant_tsc art arch_perfmon pebs bts rep_good nopl xtopology nonstop_tsc cpuid aperfmperf tsc_known_freq pni pclmulqdq dtes64 monitor ds_cpl vmx est tm2 ssse3 sdbg fma cx16 xtpr pdcm pcid sse4_1 sse4_2 x2apic movbe popcnt tsc_deadline_timer aes xsave avx f16c rdrand lahf_lm abm 3dnowprefetch cpuid_fault epb invpcid_single pti ssbd ibrs ibpb stibp tpr_shadow vnmi flexpriority ept vpid fsgsbase tsc_adjust bmi1 avx2 smep bmi2 erms invpcid mpx rdseed adx smap clflushopt intel_pt xsaveopt xsavec xgetbv1 xsaves dtherm ida arat pln pts hwp hwp_notify hwp_act_window hwp_epp md_clear flush_l1d
bugs		: cpu_meltdown spectre_v1 spectre_v2 spec_store_bypass l1tf mds
bogomips	: 3600.00
clflush size	: 64
cache_alignment	: 64
address sizes	: 39 bits physical, 48 bits virtual
power management:



Memory: 4k page, physical 8047480k(143948k free), swap 1431224k(7244k free)

vm_info: OpenJDK 64-Bit Server VM (25.212-b03) for linux-amd64 JRE (1.8.0_212-8u212-b03-0ubuntu1.18.04.1-b03), built on Apr 26 2019 01:04:36 by "buildd" with gcc 7.3.0

time: Sun Jun  2 15:39:34 2019
timezone: EDT
elapsed time: 0 seconds (0d 0h 0m 0s)

